JRat:INFO (Aug/27 13:08:44,656) (main) RuntimeContextImpl - logfile created
JRat:INFO (Aug/27 13:08:44,657) (main) RuntimeContextImpl - Running JRat version 1-beta1 - built on 20070911
JRat:INFO (Aug/27 13:08:44,658) (main) CacheMethodHandlerFactory - startup
JRat:INFO (Aug/27 13:08:44,658) (main) ConfigMethodHandlerFactory - startup
JRat:INFO (Aug/27 13:08:44,659) (main) ShutdownRegistry - registerShutdownListener Tree Handler Factory
JRat:INFO (Aug/27 13:08:44,662) (main) CommandletRegistry - register org.shiftone.jrat.provider.tree.command.ResetCommandlet@1503a3
JRat:INFO (Aug/27 13:08:44,664) (main) CommandletRegistry - register org.shiftone.jrat.provider.tree.command.WriteOutputCommandlet@743399
JRat:INFO (Aug/27 13:08:44,666) (main) CommandletRegistry - register org.shiftone.jrat.provider.tree.command.DumpOutputCommandlet@167d940
JRat:INFO (Aug/27 13:12:12,458) (JRat-Shutdown) ShutdownRegistry - shutting down...[Transformer[ASM], FileOutputRegistry[Writer[memory.csv], PrintWriter[jrat.log]], Memory Monitor, Tree Handler Factory]
JRat:INFO (Aug/27 13:12:12,459) (JRat-Shutdown) ShutdownRegistry - shutting down Tree Handler Factory...
JRat:INFO (Aug/27 13:12:12,460) (JRat-Shutdown) TreeMethodHandlerFactory - shutdown...
JRat:INFO (Aug/27 13:12:12,465) (JRat-Shutdown) TreeMethodHandlerFactory - writeOutputFile...
JRat:INFO (Aug/27 13:12:12,764) (JRat-Shutdown) FileOutputFactory - createOutputStream C:\Users\Benjamin\PROGRAMMING\Personal\GithubRepos\DGraph\ClusterSimulation\applet\jrat.output\2010-08-27_PM-01-08-44\my_code_tree.jrat
JRat:INFO (Aug/27 13:12:12,766) (JRat-Shutdown) FileOutputFactory - createOutputStream C:\Users\Benjamin\PROGRAMMING\Personal\GithubRepos\DGraph\ClusterSimulation\applet\jrat.output\2010-08-27_PM-01-08-44\my_code_tree.jrat
JRat:INFO (Aug/27 13:12:12,775) (JRat-Shutdown) FileOutputRegistry - add OutputStream[my_code_tree.jrat]
JRat:INFO (Aug/27 13:12:12,961) (JRat-Shutdown) FileOutputOutputStream - closing
JRat:INFO (Aug/27 13:12:12,961) (JRat-Shutdown) FileOutputRegistry - remove OutputStream[my_code_tree.jrat]
JRat:INFO (Aug/27 13:12:12,963) (JRat-Shutdown) TreeMethodHandlerFactory - shutdown complete
JRat:INFO (Aug/27 13:12:12,964) (JRat-Shutdown) ShutdownRegistry - shutdown Tree Handler Factory complete.
JRat:INFO (Aug/27 13:12:12,964) (JRat-Shutdown) ShutdownRegistry - shutting down Memory Monitor...
JRat:INFO (Aug/27 13:12:13,956) (Memory Ticker) FileOutputWriter - closing
JRat:INFO (Aug/27 13:12:13,957) (Memory Ticker) FileOutputRegistry - remove Writer[memory.csv]
JRat:INFO (Aug/27 13:12:13,959) (JRat-Shutdown) ShutdownRegistry - shutdown Memory Monitor complete.
JRat:INFO (Aug/27 13:12:13,960) (JRat-Shutdown) ShutdownRegistry - shutting down FileOutputRegistry[PrintWriter[jrat.log]]...
JRat:INFO (Aug/27 13:12:13,961) (JRat-Shutdown) FileOutputRegistry - closeFileOutputs [PrintWriter[jrat.log]]
JRat:INFO (Aug/27 13:12:13,962) (JRat-Shutdown) FileOutputRegistry - closing : PrintWriter[jrat.log]
JRat:INFO (Aug/27 13:12:13,963) (JRat-Shutdown) FileOutputPrintWriter - closing
JRat:INFO (Aug/27 13:12:13,964) (JRat-Shutdown) FileOutputRegistry - remove PrintWriter[jrat.log]
